**********************
Windows PowerShell transcript start
Start time: 20240417184453
Username: MIT\MITDevsiva
RunAs User: MIT\MITDevsiva
Configuration Name: 
Machine: LAP5CD0398QX1 (Microsoft Windows NT 10.0.22621.0)
Host Application: C:\WINDOWS\System32\WindowsPowerShell\v1.0\powershell.exe
Process ID: 4996
PSVersion: 5.1.22621.2506
PSEdition: Desktop
PSCompatibleVersions: 1.0, 2.0, 3.0, 4.0, 5.0, 5.1.22621.2506
BuildVersion: 10.0.22621.2506
CLRVersion: 4.0.30319.42000
WSManStackVersion: 3.0
PSRemotingProtocolVersion: 2.3
SerializationVersion: 1.1.0.1
**********************
Transcript started, output file is Devsiva.log
PS C:\Users\MITDevsiva\workspace> New-Item -Path C:\Users\MITDevsiva\workspace -Name ‘QA-Training’ -ItemType Directory


    Directory: C:\Users\MITDevsiva\workspace


Mode                 LastWriteTime         Length Name
----                 -------------         ------ ----
d-----        17-04-2024     18:45                QA-Training


PS C:\Users\MITDevsiva\workspace> ls


    Directory: C:\Users\MITDevsiva\workspace


Mode                 LastWriteTime         Length Name
----                 -------------         ------ ----
d-----        17-04-2024     18:45                QA-Training
-a----        17-04-2024     18:44            652 Devsiva.log


PS C:\Users\MITDevsiva\workspace> cd .\QA-Training\
PS C:\Users\MITDevsiva\workspace\QA-Training> git clone https://github.com/sureshnanjan/masstech-python.git
Receiving objects: 100% (50/50), 13.13 KiB | 1.31 MiB/s, done.
Resolving deltas: 100% (16/16), done.
PS C:\Users\MITDevsiva\workspace\QA-Training> Set-Location masstech-python
PS C:\Users\MITDevsiva\workspace\QA-Training\masstech-python> git status

PS C:\Users\MITDevsiva\workspace\QA-Training\masstech-python> git checkout -b Devsiva-branch

PS C:\Users\MITDevsiva\workspace\QA-Training\masstech-python> git status

PS C:\Users\MITDevsiva\workspace\QA-Training\masstech-python> Stop-Transcript
**********************
Windows PowerShell transcript end
End time: 20240417184824
**********************
